Точка входа - root на ssh
Стратегически -- каждый сервер он как машина работает одинаково с точки зрения культуры
и подхода к администрированию в обращении с никсовым окружении. Будь то андроид, macOS, Linux, 
Raspberry Pi, Docker контейнеры и тд и тп.

Основа работы с железом - подключить ssh и вообще
физически  отключить клавиатуру с мышью и в идеале на софтварном уровне запретить 
возможность подключения к машине с помощью клавиатуры и мыши.

Далее первым делом настроить ssh доступы по ключу и закрыть доступ по паролю.
Создать landing пользователя с ограниченным доступом. В него будем приземлять ssh доступ.
Из него уже можно переходить в других пользователей.

--- SSH сервер на удаленной машине ---
# Путь к файлу конфигурации SSH сервера /etc/ssh/sshd_config
# Стратегически мы хотим получив генеральный ключ от машины положить в коробочку, а
# 
# Настройки SSH сервера
# Отключаем root доступ по паролю и разрешаем доступ только по ключам
# Убедитесь, что вы создали ключи и добавили их в файл /home/landing/.ssh/authorized_keys
# Не забудьте перезапустить sshd после изменения конфигурации
# sudo systemctl restart sshd   


PermitRootLogin no
PasswordAuthentication no
PubkeyAuthentication yes
ChallengeResponseAuthentication no 
UsePAM no



И после уже 